Arguments: 
  D:\Test_tool\node-v16.13.1-win-x64\node.exe C:\Users\毛鹏\AppData\Roaming\npm\node_modules\yarn\bin\yarn.js init

PATH: 
  C:\ProgramData\Oracle\Java\javapath;C:\Windows\system32;C:\Windows;C:\Windows\System32\Wbem;C:\Windows\System32\WindowsPowerShell\v1.0\;C:\Windows\System32\OpenSSH\;C:\Program Files (x86)\NVIDIA Corporation\PhysX\Common;C:\Program Files\NVIDIA Corporation\NVIDIA NvDLISR;D:\Test_tool\python;C:\WINDOWS\system32;C:\WINDOWS;C:\WINDOWS\System32\Wbem;C:\WINDOWS\System32\WindowsPowerShell\v1.0\;C:\WINDOWS\System32\OpenSSH\;D:\Test_tool\Java\jdk1.8.0_111\jre\bin;D:\Test_tool\Java\jdk1.8.0_111\bin;D:\Test_tool\Git\cmd;D:\Test_tool\apache-maven-3.8.5\bin;D:\Test_tool\PyCharm 2022.1\bin;D:\Test_tool\allure-2.18.1\bin;D:\Test_tool\apache-jmeter-5.4.3\bin;D:\Test_tool\python\Scripts;D:\Test_tool\Android\android-sdk\tools;D:\Test_tool\Android\android-sdk\platform-tools;D:\Test_tool\微信web开发者工具\dll;D:\Test_tool\node-v16.13.1-win-x64;D:\Test_tool\node\;C:\Users\毛鹏\AppData\Local\Microsoft\WindowsApps;;E:\Program Files\PyCharm Community Edition 2021.3.2\bin;D:\Test_tool\Fiddler;C:\Users\毛鹏\AppData\Local\Microsoft\WindowsApps;D:\Test_tool\Microsoft VS Code\bin;C:\Users\毛鹏\AppData\Roaming\npm;D:\Test_tool\WebStorm 2022.3.2\bin;

Yarn version: 
  1.22.19

Node version: 
  16.13.1

Platform: 
  win32 x64

Trace: 
  Error: canceled
      at Interface.<anonymous> (C:\Users\毛鹏\AppData\Roaming\npm\node_modules\yarn\lib\cli.js:137150:13)
      at Interface.emit (node:events:390:28)
      at Interface._ttyWrite (node:readline:1081:16)
      at ReadStream.onkeypress (node:readline:288:10)
      at ReadStream.emit (node:events:390:28)
      at emitKeys (node:internal/readline/utils:358:14)
      at emitKeys.next (<anonymous>)
      at ReadStream.onData (node:internal/readline/emitKeypressEvents:61:36)
      at ReadStream.emit (node:events:390:28)
      at addChunk (node:internal/streams/readable:315:12)

npm manifest: 
  No manifest

yarn manifest: 
  No manifest

Lockfile: 
  No lockfile
